** iteration : 1 **
size = 10000 * 20000
without omp
5.39094
5.40463
5.39034
5.39014
5.77509
With OMP
threads = 2
3.09849
3.19654
3.13685
3.11084
3.12734
threads = 4
1.90415
1.91437
1.84982
1.9154
1.95536
threads = 6
1.46698
1.50811
1.54351
1.46261
1.42023
threads = 8
1.28377
1.2285
1.2429
1.22934
1.24809
threads = 10
1.0662
1.0699
1.08186
1.04771
1.07019
done
** iteration : 2 **
size = 10000 * 40000
without omp
10.7852
10.7814
10.7841
10.7856
10.7842
With OMP
threads = 2
6.05639
6.05821
6.06152
6.05559
6.05396
threads = 4
3.49936
3.55284
3.46341
3.6902
3.58818
threads = 6
2.83191
2.67166
2.84443
2.70097
2.89914
threads = 8
2.29812
2.28456
2.214
2.23639
2.28334
threads = 10
2.01274
2.01474
2.00276
2.04009
2.00976
done
** iteration : 3 **
size = 10000 * 60000
without omp
16.1751
16.8423
16.195
16.173
16.181
With OMP
threads = 2
8.98981
9.28158
9.00916
9.07635
9.01493
threads = 4
5.15058
5.01924
5.23875
5.02607
5.09804
threads = 6
4.18628
3.84024
3.99748
3.85912
4.20407
threads = 8
3.50163
3.42968
3.3111
3.36275
3.30894
threads = 10
2.97445
2.90135
2.78549
2.85235
2.90262
done
